<?xml version="1.0" encoding="UTF-8"?>
<!-- Generated by org.testng.reporters.JUnitXMLReporter -->
<testsuite hostname="IvanasDator" name="Surefire test" tests="20" failures="0" timestamp="20 Oct 2016 10:34:37 GMT" time="0.181" errors="0">
  <testcase name="testRun on testRun(se.nackademin.examination.examination_jacoco.GameTest)" time="0.011" classname="se.nackademin.examination.examination_jacoco.GameTest"/>
  <testcase name="testCalculateOutPutBasedOnGender on testCalculateOutPutBasedOnGender(se.nackademin.examination.examination_jacoco.GameTest)" time="0.002" classname="se.nackademin.examination.examination_jacoco.GameTest"/>
  <testcase name="testCalculateOutPutBasedOnHomeCity on testCalculateOutPutBasedOnHomeCity(se.nackademin.examination.examination_jacoco.GameTest)" time="0.001" classname="se.nackademin.examination.examination_jacoco.GameTest"/>
  <testcase name="testCalculateOutPutBasedOnAge on testCalculateOutPutBasedOnAge(se.nackademin.examination.examination_jacoco.GameTest)" time="0.001" classname="se.nackademin.examination.examination_jacoco.GameTest"/>
  <testcase name="testGetGenderFromInputValues on testGetGenderFromInputValues(se.nackademin.examination.examination_jacoco.GameTest)" time="0.001" classname="se.nackademin.examination.examination_jacoco.GameTest"/>
  <testcase name="testGetAgeFromInputValues on testGetAgeFromInputValues(se.nackademin.examination.examination_jacoco.GameTest)" time="0.001" classname="se.nackademin.examination.examination_jacoco.GameTest"/>
  <testcase name="testCalculateOutPutBasedOnNames on testCalculateOutPutBasedOnNames(se.nackademin.examination.examination_jacoco.GameTest)" time="0.001" classname="se.nackademin.examination.examination_jacoco.GameTest"/>
  <testcase name="testBuildFinalString on testBuildFinalString(se.nackademin.examination.examination_jacoco.GameTest)" time="0.001" classname="se.nackademin.examination.examination_jacoco.GameTest"/>
  <testcase name="testMainMethod on testMainMethod(se.nackademin.examination.examination_jacoco.MainTest)" time="0.001" classname="se.nackademin.examination.examination_jacoco.MainTest"/>
  <testcase name="testSetAndGetCityConverter on testSetAndGetCityConverter(se.nackademin.examination.examination_jacoco.ConversorTest)" time="0.0" classname="se.nackademin.examination.examination_jacoco.ConversorTest"/>
  <testcase name="testConversor on testConversor(se.nackademin.examination.examination_jacoco.ConversorTest)" time="0.0" classname="se.nackademin.examination.examination_jacoco.ConversorTest"/>
  <testcase name="testSetAndGetGenderConverterArrayValues on testSetAndGetGenderConverterArrayValues(se.nackademin.examination.examination_jacoco.ConversorTest)" time="0.001" classname="se.nackademin.examination.examination_jacoco.ConversorTest"/>
  <testcase name="testSetAndGetAgeConverterArrayValues on testSetAndGetAgeConverterArrayValues(se.nackademin.examination.examination_jacoco.ConversorTest)" time="0.0" classname="se.nackademin.examination.examination_jacoco.ConversorTest"/>
  <testcase name="testGetResultStringNamesAndAge on testGetResultStringNamesAndAge(se.nackademin.examination.examination_jacoco.DataAnalysisTest)" time="0.0" classname="se.nackademin.examination.examination_jacoco.DataAnalysisTest"/>
  <testcase name="testGetResulStringHomecityAndAge on testGetResulStringHomecityAndAge(se.nackademin.examination.examination_jacoco.DataAnalysisTest)" time="0.0" classname="se.nackademin.examination.examination_jacoco.DataAnalysisTest"/>
  <testcase name="testBuildFinalString on testBuildFinalString(se.nackademin.examination.examination_jacoco.DataAnalysisTest)" time="0.0" classname="se.nackademin.examination.examination_jacoco.DataAnalysisTest"/>
  <testcase name="testGenderGettersAndSettersMethods on testGenderGettersAndSettersMethods(se.nackademin.examination.examination_jacoco.ResultsFromInputsTest)" time="0.0" classname="se.nackademin.examination.examination_jacoco.ResultsFromInputsTest"/>
  <testcase name="testHomeCityGettersAndSettersMethods on testHomeCityGettersAndSettersMethods(se.nackademin.examination.examination_jacoco.ResultsFromInputsTest)" time="0.0" classname="se.nackademin.examination.examination_jacoco.ResultsFromInputsTest"/>
  <testcase name="testNameLengthGettersAndSettersMethods on testNameLengthGettersAndSettersMethods(se.nackademin.examination.examination_jacoco.ResultsFromInputsTest)" time="0.0" classname="se.nackademin.examination.examination_jacoco.ResultsFromInputsTest"/>
  <testcase name="testAgeGettersAndSettersMethods on testAgeGettersAndSettersMethods(se.nackademin.examination.examination_jacoco.ResultsFromInputsTest)" time="0.0" classname="se.nackademin.examination.examination_jacoco.ResultsFromInputsTest"/>
</testsuite> <!-- Surefire test -->
